Oct 15 14:06:50 lipc sshd[9934]: subsystem request for sftp by user root
May 13 18:54:18 sundia09 sshd[10110]: subsystem request for sftp by user root
May 13 19:49:58 sundia09 sshd[9494]: subsystem request for sftp by user root
May 16 19:20:27 sundia20 sshd[3212]: subsystem request for sftp by user root
May 17 12:22:01 lipc15 sshd[3249]: subsystem request for sftp by user root
May 17 16:50:57 sundia19 sshd[3376]: subsystem request for sftp by user root
May 17 18:15:02 sundia19 sshd[3265]: subsystem request for sftp by user root
May 18 11:26:38 sundia20 sshd[3332]: subsystem request for sftp by user root
May 19 17:04:47 sundia08 sshd[3976]: subsystem request for sftp by user root
May 20 10:03:11 sundia27 sshd[4915]: subsystem request for sftp by user root
May 20 12:50:20 sundia27 sshd[4073]: subsystem request for sftp by user root
May 20 18:02:53 sundia05 sshd[7646]: subsystem request for sftp by user root
May 21 09:48:25 sundia05 sshd[4148]: subsystem request for sftp by user root
May 21 09:55:21 sundia05 sshd[4286]: subsystem request for sftp by user root
May 21 10:05:14 sundia05 sshd[4490]: subsystem request for sftp by user root
May 21 10:12:03 sundia05 sshd[7336]: subsystem request for sftp by user root
May 21 10:17:38 sundia05 sshd[7438]: subsystem request for sftp by user root
May 21 10:21:04 sundia05 sshd[7517]: subsystem request for sftp by user root
May 21 10:22:43 sundia05 sshd[7542]: subsystem request for sftp by user root
May 21 10:26:27 sundia05 sshd[7636]: subsystem request for sftp by user root
May 21 10:29:58 sundia05 sshd[7752]: subsystem request for sftp by user root
May 21 10:34:12 sundia05 sshd[7851]: subsystem request for sftp by user root
May 21 10:45:14 sundia05 sshd[10836]: subsystem request for sftp by user root
May 21 10:47:46 sundia05 sshd[10882]: subsystem request for sftp by user root
May 21 10:49:53 sundia05 sshd[10926]: subsystem request for sftp by user root
May 21 11:09:07 sundia05 sshd[11310]: subsystem request for sftp by user root
May 21 11:24:32 sundia05 sshd[14473]: subsystem request for sftp by user root
May 21 11:26:17 sundia05 sshd[14514]: subsystem request for sftp by user root
May 21 11:27:34 sundia05 sshd[14537]: subsystem request for sftp by user root
May 21 11:29:45 sundia05 sshd[14578]: subsystem request for sftp by user root
May 21 11:39:34 sundia05 sshd[14848]: subsystem request for sftp by user root
May 21 11:42:47 sundia05 sshd[17865]: subsystem request for sftp by user root
May 21 11:47:58 sundia05 sshd[18119]: subsystem request for sftp by user root
May 21 11:50:52 sundia05 sshd[18257]: subsystem request for sftp by user root
May 21 11:51:54 sundia05 sshd[18347]: subsystem request for sftp by user root
May 21 12:03:49 sundia05 sshd[18670]: subsystem request for sftp by user root
May 21 12:07:22 sundia05 sshd[18826]: subsystem request for sftp by user root
May 21 12:12:13 sundia05 sshd[21943]: subsystem request for sftp by user root
May 21 12:15:26 sundia05 sshd[22003]: subsystem request for sftp by user root
May 21 12:17:57 sundia05 sshd[22196]: subsystem request for sftp by user root
May 21 12:19:44 sundia05 sshd[22307]: subsystem request for sftp by user root
May 21 12:26:01 sundia05 sshd[22443]: subsystem request for sftp by user root
May 21 12:47:06 sundia05 sshd[25863]: subsystem request for sftp by user root
May 21 12:48:28 sundia05 sshd[25971]: subsystem request for sftp by user root
May 21 12:57:27 sundia05 sshd[26215]: subsystem request for sftp by user root
May 21 12:59:00 sundia05 sshd[26271]: subsystem request for sftp by user root
May 21 13:01:31 sundia05 sshd[26407]: subsystem request for sftp by user root
May 21 13:03:56 sundia05 sshd[26518]: subsystem request for sftp by user root
May 21 13:06:32 sundia05 sshd[26651]: subsystem request for sftp by user root
May 23 09:35:55 sundia05 sshd[5859]: subsystem request for sftp by user root
May 23 10:34:04 sundia05 sshd[12046]: subsystem request for sftp by user root
May 23 10:41:21 sundia05 sshd[12229]: subsystem request for sftp by user root
May 23 10:59:22 sundia05 sshd[15207]: subsystem request for sftp by user rodri
May 23 11:01:40 sundia05 sshd[15254]: subsystem request for sftp by user root
May 23 11:03:00 sundia05 sshd[15280]: subsystem request for sftp by user root
May 23 11:04:37 sundia05 sshd[15325]: subsystem request for sftp by user root
May 23 11:10:31 sundia05 sshd[15462]: subsystem request for sftp by user root
May 23 11:19:09 sundia05 sshd[15698]: subsystem request for sftp by user rodri
May 23 11:19:42 sundia05 sshd[15702]: subsystem request for sftp by user rodri
May 23 11:22:06 sundia05 sshd[15787]: subsystem request for sftp by user rodri
May 23 11:32:58 sundia05 sshd[18672]: subsystem request for sftp by user root
May 23 11:41:29 sundia05 sshd[18888]: subsystem request for sftp by user root
May 23 11:44:34 sundia05 sshd[18961]: subsystem request for sftp by user root
May 23 11:49:00 sundia05 sshd[19088]: subsystem request for sftp by user root
May 23 11:53:03 sundia05 sshd[19221]: subsystem request for sftp by user root
May 23 11:55:47 sundia05 sshd[21953]: subsystem request for sftp by user root
May 23 11:57:29 sundia05 sshd[22005]: subsystem request for sftp by user root
May 23 12:03:38 sundia05 sshd[22259]: subsystem request for sftp by user espi
May 23 12:08:54 sundia05 sshd[22418]: subsystem request for sftp by user espi
May 23 12:11:14 sundia05 sshd[22593]: subsystem request for sftp by user root
May 23 12:11:40 sundia05 sshd[22599]: subsystem request for sftp by user Ahi
May 23 12:12:20 sundia05 sshd[22625]: subsystem request for sftp by user root
May 23 12:29:57 sundia05 sshd[10417]: subsystem request for sftp by user root
May 23 12:34:57 sundia05 sshd[20615]: subsystem request for sftp by user root
May 23 12:37:02 sundia05 sshd[25117]: subsystem request for sftp by user root
May 23 12:45:38 sundia05 sshd[10199]: subsystem request for sftp by user root
May 23 12:50:19 sundia05 sshd[11047]: subsystem request for sftp by user root
May 23 13:02:39 sundia05 sshd[15522]: subsystem request for sftp by user root
May 23 13:17:01 sundia05 sshd[17745]: subsystem request for sftp by user root
May 23 13:17:25 sundia05 sshd[17772]: subsystem request for sftp by user root
May 23 13:17:25 sundia05 sshd[17774]: subsystem request for sftp by user root
May 23 13:17:30 sundia05 sshd[17771]: subsystem request for sftp by user root
May 23 13:18:03 sundia05 sshd[17781]: subsystem request for sftp by user root
May 23 13:18:08 sundia05 sshd[17783]: subsystem request for sftp by user root
May 23 13:19:46 sundia05 sshd[17844]: subsystem request for sftp by user root
May 23 13:21:28 sundia05 sshd[18353]: subsystem request for sftp by user root
May 23 13:26:52 sundia05 sshd[21808]: subsystem request for sftp by user root
May 23 13:29:05 sundia05 sshd[21884]: subsystem request for sftp by user root
May 23 13:29:42 sundia05 sshd[21891]: subsystem request for sftp by user root
May 23 13:29:42 sundia05 sshd[21890]: subsystem request for sftp by user root
May 23 13:29:42 sundia05 sshd[21892]: subsystem request for sftp by user root
May 23 13:37:29 sundia05 sshd[22981]: subsystem request for sftp by user root
May 23 13:39:04 sundia05 sshd[23030]: subsystem request for sftp by user root
May 23 13:42:28 sundia05 sshd[23668]: subsystem request for sftp by user root
May 23 13:47:49 sundia05 sshd[24298]: subsystem request for sftp by user root
May 23 13:49:11 sundia05 sshd[24778]: subsystem request for sftp by user root
May 23 13:50:36 sundia05 sshd[24949]: subsystem request for sftp by user root
May 23 13:50:37 sundia05 sshd[24952]: subsystem request for sftp by user root
May 23 13:51:10 sundia05 sshd[25210]: subsystem request for sftp by user root
May 23 14:02:03 sundia05 sshd[31519]: subsystem request for sftp by user root
May 23 14:03:42 sundia05 sshd[31549]: subsystem request for sftp by user root
May 23 14:07:46 sundia05 sshd[32174]: subsystem request for sftp by user root
May 23 14:08:51 sundia05 sshd[32270]: subsystem request for sftp by user root
May 23 14:15:42 sundia05 sshd[935]: subsystem request for sftp by user root
May 23 19:36:24 sundia22 sshd[3444]: subsystem request for sftp by user root
May 23 19:36:31 sundia22 sshd[3447]: subsystem request for sftp by user root
May 23 19:37:20 sundia22 sshd[3467]: subsystem request for sftp by user root
May 23 19:37:20 sundia22 sshd[3472]: subsystem request for sftp by user root
May 23 19:37:20 sundia22 sshd[3466]: subsystem request for sftp by user root
May 23 19:37:20 sundia22 sshd[3470]: subsystem request for sftp by user root
May 23 19:41:14 sundia22 sshd[4052]: subsystem request for sftp by user root
May 23 19:51:57 sundia22 sshd[5157]: subsystem request for sftp by user root
May 23 20:04:47 sundia22 sshd[6457]: subsystem request for sftp by user root
May 23 20:12:59 sundia22 sshd[7591]: subsystem request for sftp by user root
May 23 20:14:11 sundia22 sshd[7632]: subsystem request for sftp by user root
May 23 20:18:11 sundia22 sshd[8177]: subsystem request for sftp by user root
May 23 20:38:34 sundia22 sshd[10495]: subsystem request for sftp by user root
May 23 20:43:02 sundia22 sshd[11116]: subsystem request for sftp by user root
May 24 10:06:57 sundia30 sshd[6181]: subsystem request for sftp by user root
May 24 10:25:53 sundia30 sshd[8512]: subsystem request for sftp by user angel1
May 24 10:42:23 sundia30 sshd[10389]: subsystem request for sftp by user Carlo
May 24 12:28:33 sundia29 sshd[9204]: subsystem request for sftp by user root
May 24 12:29:30 sundia29 sshd[9229]: subsystem request for sftp by user root
May 24 12:34:08 sundia29 sshd[9774]: subsystem request for sftp by user root
May 24 12:35:20 sundia29 sshd[10237]: subsystem request for sftp by user root
May 24 12:35:26 sundia29 sshd[10242]: subsystem request for sftp by user root
May 24 12:40:01 sundia29 sshd[10325]: subsystem request for sftp by user root
May 24 12:59:26 sundia29 sshd[12501]: subsystem request for sftp by user root
May 24 13:02:24 sundia29 sshd[12987]: subsystem request for sftp by user root
May 24 13:16:02 sundia29 sshd[14555]: subsystem request for sftp by user root
May 24 16:50:38 lipc04 sshd[5045]: subsystem request for sftp by user root
May 24 16:52:27 lipc04 sshd[5082]: subsystem request for sftp by user root
May 24 17:08:53 lipc04 sshd[6681]: subsystem request for sftp by user root
May 24 17:31:04 lipc04 sshd[9851]: subsystem request for sftp by user root
May 24 17:34:42 lipc04 sshd[9920]: subsystem request for sftp by user root
May 24 17:42:18 lipc04 sshd[11010]: subsystem request for sftp by user root
May 24 18:04:05 lipc04 sshd[13163]: subsystem request for sftp by user root
May 24 18:05:11 lipc04 sshd[13624]: subsystem request for sftp by user root
May 24 18:20:46 lipc04 sshd[15337]: subsystem request for sftp by user root
May 24 18:23:11 lipc04 sshd[15446]: subsystem request for sftp by user root
May 24 18:25:48 lipc04 sshd[15931]: subsystem request for sftp by user root
May 24 18:29:48 lipc04 sshd[16055]: subsystem request for sftp by user root
May 24 18:43:50 lipc04 sshd[17637]: subsystem request for sftp by user root
May 24 18:50:10 lipc04 sshd[18648]: subsystem request for sftp by user root
May 24 18:53:57 lipc04 sshd[18722]: subsystem request for sftp by user root
May 24 18:57:24 lipc04 sshd[19236]: subsystem request for sftp by user root
May 24 19:00:33 lipc04 sshd[19731]: subsystem request for sftp by user root
May 24 19:00:50 lipc04 sshd[19734]: subsystem request for sftp by user root
May 24 19:00:50 lipc04 sshd[19735]: subsystem request for sftp by user root
May 24 19:00:50 lipc04 sshd[19738]: subsystem request for sftp by user root
May 24 19:02:31 lipc04 sshd[19780]: subsystem request for sftp by user root
May 24 19:22:52 lipc04 sshd[21911]: subsystem request for sftp by user root
May 24 19:25:58 lipc04 sshd[22409]: subsystem request for sftp by user root
May 24 19:27:45 lipc04 sshd[22448]: subsystem request for sftp by user root
May 24 19:29:26 lipc04 sshd[22485]: subsystem request for sftp by user root
May 24 19:43:11 lipc04 sshd[24067]: subsystem request for sftp by user root
May 24 19:48:34 lipc04 sshd[24596]: subsystem request for sftp by user root
May 24 19:57:03 lipc04 sshd[25631]: subsystem request for sftp by user root
May 24 20:01:16 lipc04 sshd[26155]: subsystem request for sftp by user root
May 24 20:02:59 lipc04 sshd[26178]: subsystem request for sftp by user root
May 24 20:06:46 lipc04 sshd[26702]: subsystem request for sftp by user root
May 24 20:12:33 lipc04 sshd[27261]: subsystem request for sftp by user root
May 24 20:14:02 lipc04 sshd[27300]: subsystem request for sftp by user root
May 24 20:16:32 lipc04 sshd[27780]: subsystem request for sftp by user root
May 24 20:24:02 lipc04 sshd[28383]: subsystem request for sftp by user root
May 24 20:27:03 lipc04 sshd[28881]: subsystem request for sftp by user root
May 24 20:29:48 lipc04 sshd[28921]: subsystem request for sftp by user root
May 24 20:32:00 lipc04 sshd[29407]: subsystem request for sftp by user root
May 24 20:32:01 lipc04 sshd[29408]: subsystem request for sftp by user root
May 24 20:32:01 lipc04 sshd[29404]: subsystem request for sftp by user root
May 24 20:32:01 lipc04 sshd[29403]: subsystem request for sftp by user root
May 25 10:32:33 sundia29 sshd[4514]: subsystem request for sftp by user root
May 25 10:38:21 sundia29 sshd[5106]: subsystem request for sftp by user root
May 25 10:38:42 sundia29 sshd[5109]: subsystem request for sftp by user root
May 25 10:39:16 sundia29 sshd[5138]: subsystem request for sftp by user root
May 25 10:44:03 sundia29 sshd[5660]: subsystem request for sftp by user root
May 25 10:48:54 sundia29 sshd[6205]: subsystem request for sftp by user root
May 25 10:48:54 sundia29 sshd[6204]: subsystem request for sftp by user root
May 25 10:52:28 sundia29 sshd[6726]: subsystem request for sftp by user root
May 25 10:54:04 sundia29 sshd[6759]: subsystem request for sftp by user root
May 25 10:55:18 sundia29 sshd[7217]: subsystem request for sftp by user root
May 25 10:57:40 sundia29 sshd[7249]: subsystem request for sftp by user root
May 25 11:07:38 sundia29 sshd[8275]: subsystem request for sftp by user root
May 25 11:09:11 sundia29 sshd[8318]: subsystem request for sftp by user root
May 25 11:13:35 sundia29 sshd[8819]: subsystem request for sftp by user root
May 25 11:13:35 sundia29 sshd[8822]: subsystem request for sftp by user root
May 25 11:14:57 sundia29 sshd[8844]: subsystem request for sftp by user root
May 25 11:17:15 sundia29 sshd[9334]: subsystem request for sftp by user root
May 25 11:19:16 sundia29 sshd[9367]: subsystem request for sftp by user root
May 25 11:21:50 sundia29 sshd[9840]: subsystem request for sftp by user root
May 25 11:23:02 sundia29 sshd[9871]: subsystem request for sftp by user root
May 25 11:25:35 sundia29 sshd[10352]: subsystem request for sftp by user root
May 25 11:28:09 sundia29 sshd[10397]: subsystem request for sftp by user root
May 25 11:29:51 sundia29 sshd[10414]: subsystem request for sftp by user root
May 25 11:32:28 sundia29 sshd[10901]: subsystem request for sftp by user root
May 25 11:37:45 sundia29 sshd[11416]: subsystem request for sftp by user root
May 25 11:40:10 sundia29 sshd[11915]: subsystem request for sftp by user root
May 25 11:41:41 sundia29 sshd[11932]: subsystem request for sftp by user root
May 25 11:43:38 sundia29 sshd[11982]: subsystem request for sftp by user root
May 25 11:45:28 sundia29 sshd[12454]: subsystem request for sftp by user root
May 25 11:47:52 sundia29 sshd[12485]: subsystem request for sftp by user root
May 25 11:48:54 sundia29 sshd[12508]: subsystem request for sftp by user root
May 25 11:50:09 sundia29 sshd[13025]: subsystem request for sftp by user root
May 25 11:51:50 sundia29 sshd[13053]: subsystem request for sftp by user root
May 25 11:56:18 sundia29 sshd[13569]: subsystem request for sftp by user root
May 25 11:56:23 sundia29 sshd[13572]: subsystem request for sftp by user root
May 25 11:57:39 sundia29 sshd[13597]: subsystem request for sftp by user root
May 25 11:57:53 sundia29 sshd[13600]: subsystem request for sftp by user root
May 25 12:00:23 sundia29 sshd[14093]: subsystem request for sftp by user root
May 25 12:01:35 sundia29 sshd[14115]: subsystem request for sftp by user root
May 25 12:02:08 sundia29 sshd[14132]: subsystem request for sftp by user root
May 25 12:04:43 sundia29 sshd[14174]: subsystem request for sftp by user root
May 25 12:07:45 sundia29 sshd[14669]: subsystem request for sftp by user root
May 25 12:07:58 sundia29 sshd[14672]: subsystem request for sftp by user root
May 25 12:09:39 sundia29 sshd[14719]: subsystem request for sftp by user root
May 25 12:10:15 sundia29 sshd[15186]: subsystem request for sftp by user root
May 25 12:12:01 sundia29 sshd[15218]: subsystem request for sftp by user root
May 25 12:12:25 sundia29 sshd[15236]: subsystem request for sftp by user root
May 25 12:13:57 sundia29 sshd[15262]: subsystem request for sftp by user root
May 25 12:18:52 sundia29 sshd[15795]: subsystem request for sftp by user root
May 25 12:22:03 sundia29 sshd[16309]: subsystem request for sftp by user root
May 25 12:22:35 sundia29 sshd[16317]: subsystem request for sftp by user root
May 25 12:23:17 sundia29 sshd[16341]: subsystem request for sftp by user root
May 25 12:28:00 sundia29 sshd[17100]: subsystem request for sftp by user root
May 25 12:29:18 sundia29 sshd[17147]: subsystem request for sftp by user root
May 25 12:32:39 sundia29 sshd[17655]: subsystem request for sftp by user root
May 25 12:33:54 sundia29 sshd[17677]: subsystem request for sftp by user root
May 25 12:36:06 sundia29 sshd[18174]: subsystem request for sftp by user root
May 25 12:37:31 sundia29 sshd[18195]: subsystem request for sftp by user root
May 25 12:41:41 sundia29 sshd[18718]: subsystem request for sftp by user root
May 25 12:49:50 sundia29 sshd[19276]: subsystem request for sftp by user root
May 25 12:54:41 sundia29 sshd[19803]: subsystem request for sftp by user root
May 25 12:58:35 sundia29 sshd[20303]: subsystem request for sftp by user root
May 25 12:59:36 sundia29 sshd[20320]: subsystem request for sftp by user root
May 25 13:01:20 sundia29 sshd[20792]: subsystem request for sftp by user root
May 25 13:06:13 sundia29 sshd[21306]: subsystem request for sftp by user root
May 25 13:06:13 sundia29 sshd[21309]: subsystem request for sftp by user root
May 25 13:08:31 sundia29 sshd[21341]: subsystem request for sftp by user root
May 25 13:10:29 sundia29 sshd[21826]: subsystem request for sftp by user root
May 25 13:13:08 sundia29 sshd[21882]: subsystem request for sftp by user root
May 25 13:17:55 sundia29 sshd[22417]: subsystem request for sftp by user root
May 25 13:17:56 sundia29 sshd[22420]: subsystem request for sftp by user root
May 25 13:20:18 sundia29 sshd[22907]: subsystem request for sftp by user root
May 25 13:26:43 sundia29 sshd[23522]: subsystem request for sftp by user root
May 25 13:39:13 sundia29 sshd[24716]: subsystem request for sftp by user root
May 25 13:44:57 sundia29 sshd[25349]: subsystem request for sftp by user root
May 25 13:44:57 sundia29 sshd[25351]: subsystem request for sftp by user root
May 25 13:47:34 sundia29 sshd[25990]: subsystem request for sftp by user root
May 25 13:48:59 sundia29 sshd[26007]: subsystem request for sftp by user root
May 25 13:48:59 sundia29 sshd[26010]: subsystem request for sftp by user root
May 25 13:51:57 sundia29 sshd[26638]: subsystem request for sftp by user root
May 25 13:51:57 sundia29 sshd[26640]: subsystem request for sftp by user root
May 25 13:54:33 sundia29 sshd[26694]: subsystem request for sftp by user root
May 25 13:58:24 sundia29 sshd[27418]: subsystem request for sftp by user root
May 25 14:00:09 sundia29 sshd[28081]: subsystem request for sftp by user root
May 25 14:08:34 sundia29 sshd[28725]: subsystem request for sftp by user root
May 25 14:11:14 sundia29 sshd[29297]: subsystem request for sftp by user root
May 25 14:13:14 sundia29 sshd[29332]: subsystem request for sftp by user root
May 25 14:18:00 sundia29 sshd[29927]: subsystem request for sftp by user root
May 25 17:10:22 lipc02 sshd[3920]: subsystem request for sftp by user root
May 25 17:11:21 lipc02 sshd[3940]: subsystem request for sftp by user root
May 25 17:17:03 lipc02 sshd[4538]: subsystem request for sftp by user root
May 25 17:20:34 lipc02 sshd[5067]: subsystem request for sftp by user root
May 25 17:28:06 lipc02 sshd[5979]: subsystem request for sftp by user root
May 25 17:30:13 lipc02 sshd[6467]: subsystem request for sftp by user root
May 25 17:31:30 lipc02 sshd[6512]: subsystem request for sftp by user root
May 25 17:34:56 lipc02 sshd[6593]: subsystem request for sftp by user root
May 25 17:40:43 lipc02 sshd[7668]: subsystem request for sftp by user root
May 25 17:43:52 lipc02 sshd[7722]: subsystem request for sftp by user root
May 25 17:49:56 lipc02 sshd[8335]: subsystem request for sftp by user root
May 25 17:54:04 lipc02 sshd[8867]: subsystem request for sftp by user root
May 25 17:57:32 lipc02 sshd[9375]: subsystem request for sftp by user root
May 25 18:01:01 lipc02 sshd[9907]: subsystem request for sftp by user root
May 25 18:33:53 lipc02 sshd[13296]: subsystem request for sftp by user root
May 25 18:42:51 lipc02 sshd[14512]: subsystem request for sftp by user root
May 25 18:46:08 lipc02 sshd[15021]: subsystem request for sftp by user root
May 25 18:48:09 lipc02 sshd[15066]: subsystem request for sftp by user root
May 25 18:50:35 lipc02 sshd[15550]: subsystem request for sftp by user root
May 25 18:54:15 lipc02 sshd[15621]: subsystem request for sftp by user root
May 25 18:56:05 lipc02 sshd[16241]: subsystem request for sftp by user root
May 25 18:59:06 lipc02 sshd[16325]: subsystem request for sftp by user root
May 25 19:01:17 lipc02 sshd[16822]: subsystem request for sftp by user root
May 25 19:02:31 lipc02 sshd[16844]: subsystem request for sftp by user root
May 25 19:04:18 lipc02 sshd[16890]: subsystem request for sftp by user root
May 25 19:05:18 lipc02 sshd[17358]: subsystem request for sftp by user root
May 25 19:06:17 lipc02 sshd[17384]: subsystem request for sftp by user root
May 25 19:08:07 lipc02 sshd[17420]: subsystem request for sftp by user root
May 25 19:11:26 lipc02 sshd[17956]: subsystem request for sftp by user root
May 25 19:12:56 lipc02 sshd[17990]: subsystem request for sftp by user root
May 25 19:16:01 lipc02 sshd[18514]: subsystem request for sftp by user root
May 25 19:19:15 lipc02 sshd[18671]: subsystem request for sftp by user root
May 25 19:20:32 lipc02 sshd[19148]: subsystem request for sftp by user root
May 25 19:24:17 lipc02 sshd[19249]: subsystem request for sftp by user root
May 25 19:27:13 lipc02 sshd[3490]: subsystem request for sftp by user root
May 25 19:28:23 lipc02 sshd[3560]: subsystem request for sftp by user root
May 25 19:28:24 lipc02 sshd[3563]: subsystem request for sftp by user root
May 25 19:37:56 lipc02 sshd[4743]: subsystem request for sftp by user root
May 25 19:47:22 lipc02 sshd[6296]: subsystem request for sftp by user root
May 25 19:48:23 lipc02 sshd[6328]: subsystem request for sftp by user root
May 25 19:50:12 lipc02 sshd[6810]: subsystem request for sftp by user root
May 25 19:51:30 lipc02 sshd[6831]: subsystem request for sftp by user root
May 25 19:53:24 lipc02 sshd[6876]: subsystem request for sftp by user root
May 25 19:53:24 lipc02 sshd[6877]: subsystem request for sftp by user root
May 25 19:53:24 lipc02 sshd[6881]: subsystem request for sftp by user root
May 25 19:53:24 lipc02 sshd[6880]: subsystem request for sftp by user root
May 25 19:56:44 lipc02 sshd[7532]: subsystem request for sftp by user root
May 25 19:58:47 lipc02 sshd[7729]: subsystem request for sftp by user root
May 25 20:03:33 lipc02 sshd[8300]: subsystem request for sftp by user root
May 25 20:06:01 lipc02 sshd[8784]: subsystem request for sftp by user root
May 25 20:07:58 lipc02 sshd[8824]: subsystem request for sftp by user root
May 25 20:10:46 lipc02 sshd[9335]: subsystem request for sftp by user root
May 25 20:14:52 lipc02 sshd[9466]: subsystem request for sftp by user root
May 25 20:16:00 lipc02 sshd[9929]: subsystem request for sftp by user root
May 25 20:17:50 lipc02 sshd[10006]: subsystem request for sftp by user root
May 25 20:22:23 lipc02 sshd[10563]: subsystem request for sftp by user root
May 25 20:24:19 lipc02 sshd[10600]: subsystem request for sftp by user root
May 25 20:26:22 lipc02 sshd[11108]: subsystem request for sftp by user root
May 25 20:27:31 lipc02 sshd[11134]: subsystem request for sftp by user root
May 26 10:00:27 sundia25 sshd[3459]: subsystem request for sftp by user root
May 26 10:02:25 sundia25 sshd[4038]: subsystem request for sftp by user root
May 26 10:05:42 sundia25 sshd[4542]: subsystem request for sftp by user root
May 26 10:10:02 sundia25 sshd[4725]: subsystem request for sftp by user root
May 26 10:10:21 sundia25 sshd[5071]: subsystem request for sftp by user root
May 26 10:11:51 sundia25 sshd[5291]: subsystem request for sftp by user root
May 26 10:12:00 sundia25 sshd[5294]: subsystem request for sftp by user root
May 26 10:17:36 sundia25 sshd[5855]: subsystem request for sftp by user root
May 26 10:18:28 sundia25 sshd[6068]: subsystem request for sftp by user root
May 26 10:19:41 sundia25 sshd[6090]: subsystem request for sftp by user root
May 26 10:21:33 sundia25 sshd[6572]: subsystem request for sftp by user root
May 26 10:24:01 sundia25 sshd[6625]: subsystem request for sftp by user root
May 26 10:25:27 sundia25 sshd[7101]: subsystem request for sftp by user root
May 26 10:26:43 sundia25 sshd[7141]: subsystem request for sftp by user root
May 26 10:28:50 sundia25 sshd[7986]: subsystem request for sftp by user root
May 26 10:29:15 sundia25 sshd[8009]: subsystem request for sftp by user root
May 26 10:30:34 sundia25 sshd[8470]: subsystem request for sftp by user root
May 26 10:32:07 sundia25 sshd[8509]: subsystem request for sftp by user root
May 26 10:34:31 sundia25 sshd[8849]: subsystem request for sftp by user root
May 26 10:36:59 sundia25 sshd[9338]: subsystem request for sftp by user root
May 26 10:40:23 sundia25 sshd[9857]: subsystem request for sftp by user root
May 26 10:43:15 sundia25 sshd[9937]: subsystem request for sftp by user root
May 26 10:46:07 sundia25 sshd[10427]: subsystem request for sftp by user root
May 26 10:47:23 sundia25 sshd[10449]: subsystem request for sftp by user root
May 26 10:50:18 sundia25 sshd[10947]: subsystem request for sftp by user root
May 26 10:52:03 sundia25 sshd[10978]: subsystem request for sftp by user root
May 26 10:57:29 sundia25 sshd[11605]: subsystem request for sftp by user root
May 26 10:59:40 sundia25 sshd[11640]: subsystem request for sftp by user root
May 26 11:00:51 sundia25 sshd[12099]: subsystem request for sftp by user root
May 26 11:07:21 sundia25 sshd[12721]: subsystem request for sftp by user root
May 26 11:09:56 sundia25 sshd[12764]: subsystem request for sftp by user root
May 26 11:11:13 sundia25 sshd[13239]: subsystem request for sftp by user root
May 26 11:14:04 sundia25 sshd[13292]: subsystem request for sftp by user root
May 26 11:17:23 sundia25 sshd[13790]: subsystem request for sftp by user root
May 26 11:32:20 sundia25 sshd[15467]: subsystem request for sftp by user root
May 26 11:33:54 sundia25 sshd[15499]: subsystem request for sftp by user root
May 26 11:34:19 sundia25 sshd[15516]: subsystem request for sftp by user root
May 26 11:34:57 sundia25 sshd[15521]: subsystem request for sftp by user root
May 26 11:36:26 sundia25 sshd[16000]: subsystem request for sftp by user root
May 26 11:40:33 sundia25 sshd[16521]: subsystem request for sftp by user root
May 26 11:42:07 sundia25 sshd[16552]: subsystem request for sftp by user root
May 26 11:47:32 sundia25 sshd[17066]: subsystem request for sftp by user root
May 26 11:49:07 sundia25 sshd[17097]: subsystem request for sftp by user root
May 26 11:50:22 sundia25 sshd[17555]: subsystem request for sftp by user root
May 26 11:51:17 sundia25 sshd[17572]: subsystem request for sftp by user root
May 26 11:52:20 sundia25 sshd[17589]: subsystem request for sftp by user root
May 26 11:52:20 sundia25 sshd[17592]: subsystem request for sftp by user root
May 26 11:58:08 sundia25 sshd[18120]: subsystem request for sftp by user root
May 26 11:58:17 sundia25 sshd[18123]: subsystem request for sftp by user root
May 26 11:58:32 sundia25 sshd[18126]: subsystem request for sftp by user root
May 26 12:00:07 sundia25 sshd[18594]: subsystem request for sftp by user root
May 26 12:01:16 sundia25 sshd[18619]: subsystem request for sftp by user root
May 26 12:03:11 sundia25 sshd[18656]: subsystem request for sftp by user root
May 26 12:11:32 sundia25 sshd[19669]: subsystem request for sftp by user root
May 26 12:11:52 sundia25 sshd[19672]: subsystem request for sftp by user root
May 26 12:19:21 sundia25 sshd[20235]: subsystem request for sftp by user root
May 26 12:25:37 sundia25 sshd[21232]: subsystem request for sftp by user root
May 26 12:50:13 sundia25 sshd[23833]: subsystem request for sftp by user root
May 26 13:07:59 sundia25 sshd[3439]: subsystem request for sftp by user root
May 26 13:12:44 sundia25 sshd[4026]: subsystem request for sftp by user root
May 26 13:14:29 sundia25 sshd[4057]: subsystem request for sftp by user root
May 26 13:17:04 sundia25 sshd[4550]: subsystem request for sftp by user root
May 26 13:17:04 sundia25 sshd[4552]: subsystem request for sftp by user root
May 26 13:17:09 sundia25 sshd[4547]: subsystem request for sftp by user root
May 26 13:17:09 sundia25 sshd[4546]: subsystem request for sftp by user root
May 26 13:20:50 sundia25 sshd[5550]: subsystem request for sftp by user root
May 26 13:25:43 sundia25 sshd[6237]: subsystem request for sftp by user root
May 26 13:25:59 sundia25 sshd[6240]: subsystem request for sftp by user root
May 26 13:26:29 sundia25 sshd[6257]: subsystem request for sftp by user root
May 26 13:27:21 sundia25 sshd[6276]: subsystem request for sftp by user root
May 26 13:29:13 sundia25 sshd[6390]: subsystem request for sftp by user root
May 26 13:29:13 sundia25 sshd[6389]: subsystem request for sftp by user root
May 26 13:29:13 sundia25 sshd[6393]: subsystem request for sftp by user root
May 26 13:29:13 sundia25 sshd[6395]: subsystem request for sftp by user root
May 26 13:29:52 sundia25 sshd[6406]: subsystem request for sftp by user root
May 26 13:32:35 sundia25 sshd[6918]: subsystem request for sftp by user root
May 26 13:39:09 sundia25 sshd[7533]: subsystem request for sftp by user juan
May 26 13:42:22 sundia25 sshd[8180]: subsystem request for sftp by user root
May 26 13:45:48 sundia25 sshd[9006]: subsystem request for sftp by user root
May 26 13:52:04 sundia25 sshd[9648]: subsystem request for sftp by user root
May 26 13:56:27 sundia25 sshd[3421]: subsystem request for sftp by user root
May 26 13:58:28 sundia25 sshd[3457]: subsystem request for sftp by user root
May 26 13:59:01 sundia25 sshd[3559]: subsystem request for sftp by user juan
May 26 13:59:16 sundia25 sshd[3563]: subsystem request for sftp by user juan
May 26 14:01:16 sundia25 sshd[4043]: subsystem request for sftp by user root
May 26 14:03:23 sundia25 sshd[4090]: subsystem request for sftp by user root
May 26 14:05:32 sundia25 sshd[4697]: subsystem request for sftp by user pepe
May 26 14:09:57 sundia25 sshd[4870]: subsystem request for sftp by user root
May 26 17:37:14 sundia21 sshd[3989]: subsystem request for sftp by user root
May 26 17:41:16 sundia21 sshd[4515]: subsystem request for sftp by user root
May 26 17:59:36 sundia21 sshd[6724]: subsystem request for sftp by user root
May 26 17:59:48 sundia21 sshd[6730]: subsystem request for sftp by user root
May 26 18:08:57 sundia21 sshd[8088]: subsystem request for sftp by user root
May 26 18:11:19 sundia21 sshd[8663]: subsystem request for sftp by user root
May 26 18:16:20 sundia21 sshd[9670]: subsystem request for sftp by user root
May 26 18:41:42 sundia21 sshd[12703]: subsystem request for sftp by user root
May 26 18:54:48 sundia21 sshd[13895]: subsystem request for sftp by user root
May 26 19:32:01 sundia21 sshd[5690]: subsystem request for sftp by user root
May 26 19:33:47 sundia21 sshd[5724]: subsystem request for sftp by user root
May 26 19:41:28 sundia21 sshd[7538]: subsystem request for sftp by user root
May 27 09:18:15 sundia29 sshd[6025]: subsystem request for sftp by user root
May 27 09:54:13 sundia29 sshd[9866]: subsystem request for sftp by user root
May 27 09:54:28 sundia29 sshd[9870]: subsystem request for sftp by user root
May 27 09:56:01 sundia29 sshd[10346]: subsystem request for sftp by user root
May 27 09:57:28 sundia29 sshd[10374]: subsystem request for sftp by user root
May 27 10:00:36 sundia29 sshd[10874]: subsystem request for sftp by user root
May 27 10:02:19 sundia29 sshd[10931]: subsystem request for sftp by user root
May 27 10:06:07 sundia29 sshd[11460]: subsystem request for sftp by user root
May 27 10:07:15 sundia29 sshd[11479]: subsystem request for sftp by user root
May 27 10:15:04 sundia29 sshd[12484]: subsystem request for sftp by user root
May 27 10:16:25 sundia29 sshd[12540]: subsystem request for sftp by user root
May 27 10:18:22 sundia29 sshd[12579]: subsystem request for sftp by user root
May 27 10:20:00 sundia29 sshd[12601]: subsystem request for sftp by user root
May 27 10:23:58 sundia29 sshd[13114]: subsystem request for sftp by user root
May 27 10:33:51 sundia29 sshd[14248]: subsystem request for sftp by user root
